Drill report for C:\Users\Johannes B\Documents\kiCad\Projects\UARTtoESP\UARTtoESP.kicad_pcb
Created on 09/12/2021 23:22:54

Copper Layer Stackup:
    =============================================================
    L1 :  F.Cu                      front
    L2 :  B.Cu                      back


Drill file 'UARTtoESP-PTH-drl.gbr' contains
    plated through holes:
    =============================================================
    T1  0.600mm  0.0236"  (5 holes)
    T2  0.750mm  0.0295"  (6 holes)
    T3  0.762mm  0.0300"  (18 holes)
    T4  0.800mm  0.0315"  (42 holes)
    T5  1.000mm  0.0394"  (32 holes)

    Total plated holes count 103


Drill file 'UARTtoESP-NPTH-drl.gbr' contains
    unplated through holes:
    =============================================================
    T1  3.200mm  0.1260"  (4 holes)

    Total unplated holes count 4
